Arguments: 
  /usr/local/bin/node /opt/yarn-v1.5.1/bin/yarn.js install vue-cli --global

PATH: 
  /usr/local/sbin:/usr/local/bin:/usr/sbin:/usr/bin:/sbin:/bin

Yarn version: 
  1.5.1

Node version: 
  9.11.1

Platform: 
  linux x64

npm manifest: 
  No manifest

yarn manifest: 
  No manifest

Lockfile: 
  No lockfile

Trace: 
  Error: `--global` has been deprecated. Please run "yarn global add vue-cli" instead.
      at new MessageError (/opt/yarn-v1.5.1/lib/cli.js:186:110)
      at Object.<anonymous> (/opt/yarn-v1.5.1/lib/cli.js:21987:13)
      at Generator.next (<anonymous>)
      at step (/opt/yarn-v1.5.1/lib/cli.js:98:30)
      at /opt/yarn-v1.5.1/lib/cli.js:109:13
      at <anonymous>
